{"/home/natali/api-server/src/server.js": {"path":"/home/natali/api-server/src/server.js","statementMap":{"0":{"start":{"line":2,"column":16},"end":{"line":2,"column":34}},"1":{"start":{"line":3,"column":12},"end":{"line":3,"column":21}},"2":{"start":{"line":4,"column":19},"end":{"line":4,"column":49}},"3":{"start":{"line":5,"column":22},"end":{"line":5,"column":55}},"4":{"start":{"line":6,"column":0},"end":{"line":6,"column":24}},"5":{"start":{"line":7,"column":0},"end":{"line":7,"column":20}},"6":{"start":{"line":8,"column":0},"end":{"line":8,"column":23}},"7":{"start":{"line":9,"column":24},"end":{"line":9,"column":49}},"8":{"start":{"line":10,"column":21},"end":{"line":10,"column":46}},"9":{"start":{"line":12,"column":0},"end":{"line":12,"column":29}},"10":{"start":{"line":14,"column":4},"end":{"line":14,"column":31}},"11":{"start":{"line":17,"column":4},"end":{"line":19,"column":7}},"12":{"start":{"line":18,"column":8},"end":{"line":18,"column":57}},"13":{"start":{"line":21,"column":0},"end":{"line":21,"column":30}},"14":{"start":{"line":22,"column":0},"end":{"line":22,"column":21}},"15":{"start":{"line":24,"column":0},"end":{"line":27,"column":1}}},"fnMap":{"0":{"name":"welcomeHandler","decl":{"start":{"line":13,"column":9},"end":{"line":13,"column":23}},"loc":{"start":{"line":13,"column":34},"end":{"line":15,"column":1}},"line":13},"1":{"name":"start","decl":{"start":{"line":16,"column":9},"end":{"line":16,"column":14}},"loc":{"start":{"line":16,"column":21},"end":{"line":20,"column":1}},"line":16},"2":{"name":"(anonymous_2)","decl":{"start":{"line":17,"column":21},"end":{"line":17,"column":22}},"loc":{"start":{"line":17,"column":27},"end":{"line":19,"column":5}},"line":17}},"branchMap":{},"s":{"0":1,"1":1,"2":1,"3":1,"4":1,"5":1,"6":1,"7":1,"8":1,"9":1,"10":1,"11":0,"12":0,"13":1,"14":1,"15":1},"f":{"0":1,"1":0,"2":0},"b":{},"_coverageSchema":"1a1c01bbd47fc00a2c39e90264f33305004495a9","hash":"6776a42851e09bb882ef998930bff1997e698838"}
,"/home/natali/api-server/src/handlers/404.js": {"path":"/home/natali/api-server/src/handlers/404.js","statementMap":{"0":{"start":{"line":1,"column":0},"end":{"line":7,"column":1}},"1":{"start":{"line":2,"column":4},"end":{"line":6,"column":7}}},"fnMap":{"0":{"name":"(anonymous_0)","decl":{"start":{"line":1,"column":17},"end":{"line":1,"column":18}},"loc":{"start":{"line":1,"column":37},"end":{"line":7,"column":1}},"line":1}},"branchMap":{},"s":{"0":1,"1":1},"f":{"0":1},"b":{},"_coverageSchema":"1a1c01bbd47fc00a2c39e90264f33305004495a9","hash":"2615fa207ff1d9d54bc1cba2c4421f853e07aa98"}
,"/home/natali/api-server/src/handlers/500.js": {"path":"/home/natali/api-server/src/handlers/500.js","statementMap":{"0":{"start":{"line":1,"column":0},"end":{"line":7,"column":1}},"1":{"start":{"line":2,"column":4},"end":{"line":6,"column":7}}},"fnMap":{"0":{"name":"(anonymous_0)","decl":{"start":{"line":1,"column":17},"end":{"line":1,"column":18}},"loc":{"start":{"line":1,"column":44},"end":{"line":7,"column":1}},"line":1}},"branchMap":{},"s":{"0":1,"1":0},"f":{"0":0},"b":{},"_coverageSchema":"1a1c01bbd47fc00a2c39e90264f33305004495a9","hash":"826c2304e93463d847dc71dae546eebc41a8afe4"}
,"/home/natali/api-server/src/models/clothes.model.js": {"path":"/home/natali/api-server/src/models/clothes.model.js","statementMap":{"0":{"start":{"line":2,"column":16},"end":{"line":8,"column":6}},"1":{"start":{"line":3,"column":4},"end":{"line":8,"column":6}},"2":{"start":{"line":10,"column":0},"end":{"line":10,"column":25}}},"fnMap":{"0":{"name":"(anonymous_0)","decl":{"start":{"line":2,"column":16},"end":{"line":2,"column":17}},"loc":{"start":{"line":3,"column":4},"end":{"line":8,"column":6}},"line":3}},"branchMap":{},"s":{"0":1,"1":1,"2":1},"f":{"0":1},"b":{},"_coverageSchema":"1a1c01bbd47fc00a2c39e90264f33305004495a9","hash":"f26610006621c2e16fc6b140752aacc786fa25db"}
,"/home/natali/api-server/src/models/food.model.js": {"path":"/home/natali/api-server/src/models/food.model.js","statementMap":{"0":{"start":{"line":2,"column":13},"end":{"line":8,"column":6}},"1":{"start":{"line":3,"column":4},"end":{"line":8,"column":6}},"2":{"start":{"line":10,"column":0},"end":{"line":10,"column":22}}},"fnMap":{"0":{"name":"(anonymous_0)","decl":{"start":{"line":2,"column":13},"end":{"line":2,"column":14}},"loc":{"start":{"line":3,"column":4},"end":{"line":8,"column":6}},"line":3}},"branchMap":{},"s":{"0":1,"1":1,"2":1},"f":{"0":1},"b":{},"_coverageSchema":"1a1c01bbd47fc00a2c39e90264f33305004495a9","hash":"dbfaea4b0845ab8a079e04a95c2d503465d93190"}
,"/home/natali/api-server/src/models/index.js": {"path":"/home/natali/api-server/src/models/index.js","statementMap":{"0":{"start":{"line":2,"column":0},"end":{"line":2,"column":27}},"1":{"start":{"line":3,"column":33},"end":{"line":3,"column":53}},"2":{"start":{"line":4,"column":13},"end":{"line":4,"column":36}},"3":{"start":{"line":5,"column":16},"end":{"line":5,"column":42}},"4":{"start":{"line":7,"column":21},"end":{"line":7,"column":99}},"5":{"start":{"line":9,"column":23},"end":{"line":18,"column":6}},"6":{"start":{"line":20,"column":16},"end":{"line":20,"column":61}},"7":{"start":{"line":23,"column":0},"end":{"line":27,"column":1}}},"fnMap":{},"branchMap":{"0":{"loc":{"start":{"line":7,"column":21},"end":{"line":7,"column":99}},"type":"cond-expr","locations":[{"start":{"line":7,"column":55},"end":{"line":7,"column":72}},{"start":{"line":7,"column":75},"end":{"line":7,"column":99}}],"line":7},"1":{"loc":{"start":{"line":9,"column":23},"end":{"line":18,"column":6}},"type":"cond-expr","locations":[{"start":{"line":10,"column":4},"end":{"line":17,"column":5}},{"start":{"line":18,"column":4},"end":{"line":18,"column":6}}],"line":9}},"s":{"0":1,"1":1,"2":1,"3":1,"4":1,"5":1,"6":1,"7":1},"f":{},"b":{"0":[1,0],"1":[0,1]},"_coverageSchema":"1a1c01bbd47fc00a2c39e90264f33305004495a9","hash":"fca710bb530b061d720aec0b4d5c7872798c0a95"}
,"/home/natali/api-server/src/routes/clothes.route.js": {"path":"/home/natali/api-server/src/routes/clothes.route.js","statementMap":{"0":{"start":{"line":1,"column":16},"end":{"line":1,"column":34}},"1":{"start":{"line":2,"column":22},"end":{"line":2,"column":38}},"2":{"start":{"line":3,"column":20},"end":{"line":3,"column":46}},"3":{"start":{"line":8,"column":0},"end":{"line":8,"column":46}},"4":{"start":{"line":9,"column":0},"end":{"line":9,"column":43}},"5":{"start":{"line":10,"column":0},"end":{"line":10,"column":46}},"6":{"start":{"line":11,"column":0},"end":{"line":11,"column":49}},"7":{"start":{"line":12,"column":0},"end":{"line":12,"column":52}},"8":{"start":{"line":17,"column":21},"end":{"line":17,"column":29}},"9":{"start":{"line":18,"column":18},"end":{"line":18,"column":50}},"10":{"start":{"line":19,"column":4},"end":{"line":19,"column":34}},"11":{"start":{"line":23,"column":21},"end":{"line":23,"column":44}},"12":{"start":{"line":24,"column":6},"end":{"line":24,"column":37}},"13":{"start":{"line":28,"column":22},"end":{"line":28,"column":45}},"14":{"start":{"line":29,"column":18},"end":{"line":33,"column":6}},"15":{"start":{"line":34,"column":4},"end":{"line":34,"column":34}},"16":{"start":{"line":38,"column":20},"end":{"line":38,"column":43}},"17":{"start":{"line":39,"column":24},"end":{"line":39,"column":32}},"18":{"start":{"line":40,"column":23},"end":{"line":40,"column":74}},"19":{"start":{"line":41,"column":25},"end":{"line":41,"column":65}},"20":{"start":{"line":42,"column":4},"end":{"line":42,"column":41}},"21":{"start":{"line":46,"column":20},"end":{"line":46,"column":43}},"22":{"start":{"line":47,"column":24},"end":{"line":47,"column":75}},"23":{"start":{"line":48,"column":4},"end":{"line":48,"column":40}},"24":{"start":{"line":52,"column":0},"end":{"line":52,"column":31}}},"fnMap":{"0":{"name":"createClothes","decl":{"start":{"line":16,"column":15},"end":{"line":16,"column":28}},"loc":{"start":{"line":16,"column":39},"end":{"line":20,"column":1}},"line":16},"1":{"name":"getClothess","decl":{"start":{"line":22,"column":15},"end":{"line":22,"column":26}},"loc":{"start":{"line":22,"column":37},"end":{"line":25,"column":3}},"line":22},"2":{"name":"getClothes","decl":{"start":{"line":27,"column":15},"end":{"line":27,"column":25}},"loc":{"start":{"line":27,"column":36},"end":{"line":35,"column":1}},"line":27},"3":{"name":"updateClothes","decl":{"start":{"line":37,"column":15},"end":{"line":37,"column":28}},"loc":{"start":{"line":37,"column":39},"end":{"line":43,"column":1}},"line":37},"4":{"name":"deleteClothes","decl":{"start":{"line":45,"column":15},"end":{"line":45,"column":28}},"loc":{"start":{"line":45,"column":39},"end":{"line":49,"column":1}},"line":45}},"branchMap":{},"s":{"0":1,"1":1,"2":1,"3":1,"4":1,"5":1,"6":1,"7":1,"8":1,"9":1,"10":1,"11":1,"12":1,"13":1,"14":1,"15":1,"16":1,"17":1,"18":1,"19":1,"20":1,"21":1,"22":1,"23":1,"24":1},"f":{"0":1,"1":1,"2":1,"3":1,"4":1},"b":{},"_coverageSchema":"1a1c01bbd47fc00a2c39e90264f33305004495a9","hash":"ae43a7faca3f59bfe2f0ebaec53e830e36baa01d"}
,"/home/natali/api-server/src/routes/food.route.js": {"path":"/home/natali/api-server/src/routes/food.route.js","statementMap":{"0":{"start":{"line":1,"column":16},"end":{"line":1,"column":34}},"1":{"start":{"line":2,"column":19},"end":{"line":2,"column":35}},"2":{"start":{"line":3,"column":17},"end":{"line":3,"column":43}},"3":{"start":{"line":8,"column":0},"end":{"line":8,"column":37}},"4":{"start":{"line":9,"column":0},"end":{"line":9,"column":34}},"5":{"start":{"line":10,"column":0},"end":{"line":10,"column":37}},"6":{"start":{"line":11,"column":0},"end":{"line":11,"column":40}},"7":{"start":{"line":12,"column":0},"end":{"line":12,"column":43}},"8":{"start":{"line":17,"column":18},"end":{"line":17,"column":26}},"9":{"start":{"line":18,"column":15},"end":{"line":18,"column":41}},"10":{"start":{"line":19,"column":4},"end":{"line":19,"column":31}},"11":{"start":{"line":23,"column":18},"end":{"line":23,"column":38}},"12":{"start":{"line":24,"column":6},"end":{"line":24,"column":34}},"13":{"start":{"line":28,"column":19},"end":{"line":28,"column":42}},"14":{"start":{"line":29,"column":15},"end":{"line":33,"column":6}},"15":{"start":{"line":34,"column":4},"end":{"line":34,"column":31}},"16":{"start":{"line":38,"column":17},"end":{"line":38,"column":40}},"17":{"start":{"line":39,"column":21},"end":{"line":39,"column":29}},"18":{"start":{"line":40,"column":20},"end":{"line":40,"column":65}},"19":{"start":{"line":41,"column":22},"end":{"line":41,"column":56}},"20":{"start":{"line":42,"column":4},"end":{"line":42,"column":38}},"21":{"start":{"line":46,"column":17},"end":{"line":46,"column":40}},"22":{"start":{"line":47,"column":21},"end":{"line":47,"column":66}},"23":{"start":{"line":48,"column":4},"end":{"line":48,"column":37}},"24":{"start":{"line":53,"column":0},"end":{"line":53,"column":28}}},"fnMap":{"0":{"name":"createFood","decl":{"start":{"line":16,"column":15},"end":{"line":16,"column":25}},"loc":{"start":{"line":16,"column":36},"end":{"line":20,"column":1}},"line":16},"1":{"name":"getFoods","decl":{"start":{"line":22,"column":15},"end":{"line":22,"column":23}},"loc":{"start":{"line":22,"column":34},"end":{"line":25,"column":3}},"line":22},"2":{"name":"getFood","decl":{"start":{"line":27,"column":15},"end":{"line":27,"column":22}},"loc":{"start":{"line":27,"column":33},"end":{"line":35,"column":1}},"line":27},"3":{"name":"updateFood","decl":{"start":{"line":37,"column":15},"end":{"line":37,"column":25}},"loc":{"start":{"line":37,"column":36},"end":{"line":43,"column":1}},"line":37},"4":{"name":"deleteFood","decl":{"start":{"line":45,"column":15},"end":{"line":45,"column":25}},"loc":{"start":{"line":45,"column":36},"end":{"line":49,"column":1}},"line":45}},"branchMap":{},"s":{"0":1,"1":1,"2":1,"3":1,"4":1,"5":1,"6":1,"7":1,"8":1,"9":1,"10":1,"11":1,"12":1,"13":1,"14":1,"15":1,"16":1,"17":1,"18":1,"19":1,"20":1,"21":1,"22":1,"23":1,"24":1},"f":{"0":1,"1":1,"2":1,"3":1,"4":1},"b":{},"_coverageSchema":"1a1c01bbd47fc00a2c39e90264f33305004495a9","hash":"d5551052a63a6d44544eb90df33ff7274bb38bda"}
}
