{"/home/natali/api-server/src/server.js": {"path":"/home/natali/api-server/src/server.js","statementMap":{"0":{"start":{"line":2,"column":16},"end":{"line":2,"column":34}},"1":{"start":{"line":3,"column":12},"end":{"line":3,"column":21}},"2":{"start":{"line":4,"column":19},"end":{"line":4,"column":49}},"3":{"start":{"line":5,"column":25},"end":{"line":5,"column":61}},"4":{"start":{"line":6,"column":22},"end":{"line":6,"column":55}},"5":{"start":{"line":8,"column":0},"end":{"line":8,"column":24}},"6":{"start":{"line":9,"column":0},"end":{"line":9,"column":20}},"7":{"start":{"line":10,"column":0},"end":{"line":10,"column":26}},"8":{"start":{"line":11,"column":0},"end":{"line":11,"column":23}},"9":{"start":{"line":12,"column":24},"end":{"line":12,"column":49}},"10":{"start":{"line":13,"column":21},"end":{"line":13,"column":46}},"11":{"start":{"line":15,"column":0},"end":{"line":15,"column":29}},"12":{"start":{"line":17,"column":4},"end":{"line":17,"column":31}},"13":{"start":{"line":20,"column":4},"end":{"line":22,"column":7}},"14":{"start":{"line":21,"column":8},"end":{"line":21,"column":57}},"15":{"start":{"line":24,"column":0},"end":{"line":24,"column":30}},"16":{"start":{"line":25,"column":0},"end":{"line":25,"column":21}},"17":{"start":{"line":27,"column":0},"end":{"line":30,"column":1}}},"fnMap":{"0":{"name":"welcomeHandler","decl":{"start":{"line":16,"column":9},"end":{"line":16,"column":23}},"loc":{"start":{"line":16,"column":34},"end":{"line":18,"column":1}},"line":16},"1":{"name":"start","decl":{"start":{"line":19,"column":9},"end":{"line":19,"column":14}},"loc":{"start":{"line":19,"column":21},"end":{"line":23,"column":1}},"line":19},"2":{"name":"(anonymous_2)","decl":{"start":{"line":20,"column":21},"end":{"line":20,"column":22}},"loc":{"start":{"line":20,"column":27},"end":{"line":22,"column":5}},"line":20}},"branchMap":{},"s":{"0":1,"1":1,"2":1,"3":1,"4":1,"5":1,"6":1,"7":1,"8":1,"9":1,"10":1,"11":1,"12":0,"13":0,"14":0,"15":1,"16":1,"17":1},"f":{"0":0,"1":0,"2":0},"b":{},"_coverageSchema":"1a1c01bbd47fc00a2c39e90264f33305004495a9","hash":"ef592273c09d056c7e6a56374fbf39ebf2226990"}
,"/home/natali/api-server/src/handlers/404.js": {"path":"/home/natali/api-server/src/handlers/404.js","statementMap":{"0":{"start":{"line":1,"column":0},"end":{"line":7,"column":1}},"1":{"start":{"line":2,"column":4},"end":{"line":6,"column":7}}},"fnMap":{"0":{"name":"(anonymous_0)","decl":{"start":{"line":1,"column":17},"end":{"line":1,"column":18}},"loc":{"start":{"line":1,"column":37},"end":{"line":7,"column":1}},"line":1}},"branchMap":{},"s":{"0":1,"1":2},"f":{"0":2},"b":{},"_coverageSchema":"1a1c01bbd47fc00a2c39e90264f33305004495a9","hash":"2615fa207ff1d9d54bc1cba2c4421f853e07aa98"}
,"/home/natali/api-server/src/handlers/500.js": {"path":"/home/natali/api-server/src/handlers/500.js","statementMap":{"0":{"start":{"line":1,"column":0},"end":{"line":7,"column":1}},"1":{"start":{"line":2,"column":4},"end":{"line":6,"column":7}}},"fnMap":{"0":{"name":"(anonymous_0)","decl":{"start":{"line":1,"column":17},"end":{"line":1,"column":18}},"loc":{"start":{"line":1,"column":44},"end":{"line":7,"column":1}},"line":1}},"branchMap":{},"s":{"0":1,"1":0},"f":{"0":0},"b":{},"_coverageSchema":"1a1c01bbd47fc00a2c39e90264f33305004495a9","hash":"826c2304e93463d847dc71dae546eebc41a8afe4"}
,"/home/natali/api-server/src/models/clothes.model.js": {"path":"/home/natali/api-server/src/models/clothes.model.js","statementMap":{"0":{"start":{"line":2,"column":16},"end":{"line":8,"column":6}},"1":{"start":{"line":3,"column":4},"end":{"line":8,"column":6}},"2":{"start":{"line":10,"column":0},"end":{"line":10,"column":25}}},"fnMap":{"0":{"name":"(anonymous_0)","decl":{"start":{"line":2,"column":16},"end":{"line":2,"column":17}},"loc":{"start":{"line":3,"column":4},"end":{"line":8,"column":6}},"line":3}},"branchMap":{},"s":{"0":1,"1":1,"2":1},"f":{"0":1},"b":{},"_coverageSchema":"1a1c01bbd47fc00a2c39e90264f33305004495a9","hash":"f26610006621c2e16fc6b140752aacc786fa25db"}
,"/home/natali/api-server/src/models/food.model.js": {"path":"/home/natali/api-server/src/models/food.model.js","statementMap":{"0":{"start":{"line":2,"column":13},"end":{"line":8,"column":6}},"1":{"start":{"line":3,"column":4},"end":{"line":8,"column":6}},"2":{"start":{"line":10,"column":0},"end":{"line":10,"column":22}}},"fnMap":{"0":{"name":"(anonymous_0)","decl":{"start":{"line":2,"column":13},"end":{"line":2,"column":14}},"loc":{"start":{"line":3,"column":4},"end":{"line":8,"column":6}},"line":3}},"branchMap":{},"s":{"0":1,"1":1,"2":1},"f":{"0":1},"b":{},"_coverageSchema":"1a1c01bbd47fc00a2c39e90264f33305004495a9","hash":"dbfaea4b0845ab8a079e04a95c2d503465d93190"}
,"/home/natali/api-server/src/models/index.js": {"path":"/home/natali/api-server/src/models/index.js","statementMap":{"0":{"start":{"line":2,"column":0},"end":{"line":2,"column":27}},"1":{"start":{"line":3,"column":33},"end":{"line":3,"column":53}},"2":{"start":{"line":4,"column":16},"end":{"line":4,"column":42}},"3":{"start":{"line":5,"column":20},"end":{"line":5,"column":43}},"4":{"start":{"line":6,"column":26},"end":{"line":6,"column":55}},"5":{"start":{"line":7,"column":19},"end":{"line":7,"column":46}},"6":{"start":{"line":9,"column":21},"end":{"line":9,"column":99}},"7":{"start":{"line":11,"column":23},"end":{"line":20,"column":6}},"8":{"start":{"line":22,"column":16},"end":{"line":22,"column":61}},"9":{"start":{"line":25,"column":18},"end":{"line":25,"column":51}},"10":{"start":{"line":26,"column":24},"end":{"line":26,"column":63}},"11":{"start":{"line":29,"column":23},"end":{"line":29,"column":48}},"12":{"start":{"line":30,"column":29},"end":{"line":30,"column":60}},"13":{"start":{"line":32,"column":0},"end":{"line":35,"column":3}},"14":{"start":{"line":36,"column":0},"end":{"line":39,"column":3}},"15":{"start":{"line":41,"column":0},"end":{"line":46,"column":1}}},"fnMap":{},"branchMap":{"0":{"loc":{"start":{"line":9,"column":21},"end":{"line":9,"column":99}},"type":"cond-expr","locations":[{"start":{"line":9,"column":55},"end":{"line":9,"column":72}},{"start":{"line":9,"column":75},"end":{"line":9,"column":99}}],"line":9},"1":{"loc":{"start":{"line":11,"column":23},"end":{"line":20,"column":6}},"type":"cond-expr","locations":[{"start":{"line":12,"column":4},"end":{"line":19,"column":5}},{"start":{"line":20,"column":4},"end":{"line":20,"column":6}}],"line":11}},"s":{"0":1,"1":1,"2":1,"3":1,"4":1,"5":1,"6":1,"7":1,"8":1,"9":1,"10":1,"11":1,"12":1,"13":1,"14":1,"15":1},"f":{},"b":{"0":[1,0],"1":[0,1]},"_coverageSchema":"1a1c01bbd47fc00a2c39e90264f33305004495a9","hash":"80e4ffbfb08aa81144d4bb6c4a3f01de9fe92188"}
,"/home/natali/api-server/src/models/ingredient.model.js": {"path":"/home/natali/api-server/src/models/ingredient.model.js","statementMap":{"0":{"start":{"line":2,"column":20},"end":{"line":12,"column":6}},"1":{"start":{"line":3,"column":4},"end":{"line":12,"column":6}},"2":{"start":{"line":15,"column":0},"end":{"line":15,"column":29}}},"fnMap":{"0":{"name":"(anonymous_0)","decl":{"start":{"line":2,"column":20},"end":{"line":2,"column":21}},"loc":{"start":{"line":3,"column":4},"end":{"line":12,"column":6}},"line":3}},"branchMap":{},"s":{"0":1,"1":1,"2":1},"f":{"0":1},"b":{},"_coverageSchema":"1a1c01bbd47fc00a2c39e90264f33305004495a9","hash":"08410831fa15889f6eebea78a05d5118e5f6e4f5"}
,"/home/natali/api-server/src/models/lib/collection.js": {"path":"/home/natali/api-server/src/models/lib/collection.js","statementMap":{"0":{"start":{"line":3,"column":8},"end":{"line":3,"column":27}},"1":{"start":{"line":6,"column":24},"end":{"line":6,"column":52}},"2":{"start":{"line":7,"column":8},"end":{"line":7,"column":25}},"3":{"start":{"line":10,"column":22},"end":{"line":10,"column":26}},"4":{"start":{"line":11,"column":8},"end":{"line":16,"column":9}},"5":{"start":{"line":12,"column":12},"end":{"line":12,"column":75}},"6":{"start":{"line":15,"column":12},"end":{"line":15,"column":49}},"7":{"start":{"line":17,"column":8},"end":{"line":17,"column":23}},"8":{"start":{"line":20,"column":24},"end":{"line":20,"column":76}},"9":{"start":{"line":21,"column":26},"end":{"line":21,"column":53}},"10":{"start":{"line":22,"column":8},"end":{"line":22,"column":27}},"11":{"start":{"line":25,"column":21},"end":{"line":25,"column":73}},"12":{"start":{"line":26,"column":8},"end":{"line":26,"column":22}},"13":{"start":{"line":36,"column":0},"end":{"line":36,"column":28}}},"fnMap":{"0":{"name":"(anonymous_0)","decl":{"start":{"line":2,"column":4},"end":{"line":2,"column":5}},"loc":{"start":{"line":2,"column":23},"end":{"line":4,"column":5}},"line":2},"1":{"name":"(anonymous_1)","decl":{"start":{"line":5,"column":4},"end":{"line":5,"column":5}},"loc":{"start":{"line":5,"column":19},"end":{"line":8,"column":5}},"line":5},"2":{"name":"(anonymous_2)","decl":{"start":{"line":9,"column":4},"end":{"line":9,"column":5}},"loc":{"start":{"line":9,"column":24},"end":{"line":18,"column":5}},"line":9},"3":{"name":"(anonymous_3)","decl":{"start":{"line":19,"column":4},"end":{"line":19,"column":5}},"loc":{"start":{"line":19,"column":31},"end":{"line":23,"column":5}},"line":19},"4":{"name":"(anonymous_4)","decl":{"start":{"line":24,"column":4},"end":{"line":24,"column":5}},"loc":{"start":{"line":24,"column":26},"end":{"line":27,"column":5}},"line":24}},"branchMap":{"0":{"loc":{"start":{"line":11,"column":8},"end":{"line":16,"column":9}},"type":"if","locations":[{"start":{"line":11,"column":8},"end":{"line":16,"column":9}},{"start":{"line":14,"column":15},"end":{"line":16,"column":9}}],"line":11}},"s":{"0":2,"1":1,"2":1,"3":2,"4":2,"5":1,"6":1,"7":2,"8":1,"9":1,"10":1,"11":1,"12":1,"13":1},"f":{"0":2,"1":1,"2":2,"3":1,"4":1},"b":{"0":[1,1]},"_coverageSchema":"1a1c01bbd47fc00a2c39e90264f33305004495a9","hash":"be3af634310da0f7f0864f351c0c6014ddad5f43"}
,"/home/natali/api-server/src/routes/clothes.route.js": {"path":"/home/natali/api-server/src/routes/clothes.route.js","statementMap":{"0":{"start":{"line":2,"column":16},"end":{"line":2,"column":34}},"1":{"start":{"line":3,"column":22},"end":{"line":3,"column":38}},"2":{"start":{"line":4,"column":20},"end":{"line":4,"column":46}},"3":{"start":{"line":9,"column":0},"end":{"line":9,"column":46}},"4":{"start":{"line":10,"column":0},"end":{"line":10,"column":43}},"5":{"start":{"line":11,"column":0},"end":{"line":11,"column":46}},"6":{"start":{"line":12,"column":0},"end":{"line":12,"column":49}},"7":{"start":{"line":13,"column":0},"end":{"line":13,"column":52}},"8":{"start":{"line":18,"column":21},"end":{"line":18,"column":29}},"9":{"start":{"line":19,"column":18},"end":{"line":19,"column":50}},"10":{"start":{"line":20,"column":4},"end":{"line":20,"column":34}},"11":{"start":{"line":24,"column":21},"end":{"line":24,"column":44}},"12":{"start":{"line":25,"column":6},"end":{"line":25,"column":37}},"13":{"start":{"line":29,"column":22},"end":{"line":29,"column":45}},"14":{"start":{"line":30,"column":18},"end":{"line":34,"column":6}},"15":{"start":{"line":35,"column":4},"end":{"line":35,"column":34}},"16":{"start":{"line":39,"column":20},"end":{"line":39,"column":43}},"17":{"start":{"line":40,"column":24},"end":{"line":40,"column":32}},"18":{"start":{"line":41,"column":23},"end":{"line":41,"column":74}},"19":{"start":{"line":42,"column":25},"end":{"line":42,"column":65}},"20":{"start":{"line":43,"column":4},"end":{"line":43,"column":41}},"21":{"start":{"line":47,"column":20},"end":{"line":47,"column":43}},"22":{"start":{"line":48,"column":24},"end":{"line":48,"column":75}},"23":{"start":{"line":49,"column":4},"end":{"line":49,"column":40}},"24":{"start":{"line":53,"column":0},"end":{"line":53,"column":31}}},"fnMap":{"0":{"name":"createClothes","decl":{"start":{"line":17,"column":15},"end":{"line":17,"column":28}},"loc":{"start":{"line":17,"column":39},"end":{"line":21,"column":1}},"line":17},"1":{"name":"getClothess","decl":{"start":{"line":23,"column":15},"end":{"line":23,"column":26}},"loc":{"start":{"line":23,"column":37},"end":{"line":26,"column":3}},"line":23},"2":{"name":"getClothes","decl":{"start":{"line":28,"column":15},"end":{"line":28,"column":25}},"loc":{"start":{"line":28,"column":36},"end":{"line":36,"column":1}},"line":28},"3":{"name":"updateClothes","decl":{"start":{"line":38,"column":15},"end":{"line":38,"column":28}},"loc":{"start":{"line":38,"column":39},"end":{"line":44,"column":1}},"line":38},"4":{"name":"deleteClothes","decl":{"start":{"line":46,"column":15},"end":{"line":46,"column":28}},"loc":{"start":{"line":46,"column":39},"end":{"line":50,"column":1}},"line":46}},"branchMap":{},"s":{"0":1,"1":1,"2":1,"3":1,"4":1,"5":1,"6":1,"7":1,"8":0,"9":0,"10":0,"11":0,"12":0,"13":0,"14":0,"15":0,"16":0,"17":0,"18":0,"19":0,"20":0,"21":0,"22":0,"23":0,"24":1},"f":{"0":0,"1":0,"2":0,"3":0,"4":0},"b":{},"_coverageSchema":"1a1c01bbd47fc00a2c39e90264f33305004495a9","hash":"777ec109ad8166e1b917826d87efc8e23c99fb2d"}
,"/home/natali/api-server/src/routes/food.route.js": {"path":"/home/natali/api-server/src/routes/food.route.js","statementMap":{"0":{"start":{"line":1,"column":16},"end":{"line":1,"column":34}},"1":{"start":{"line":2,"column":19},"end":{"line":2,"column":35}},"2":{"start":{"line":3,"column":19},"end":{"line":3,"column":54}},"3":{"start":{"line":4,"column":39},"end":{"line":4,"column":65}},"4":{"start":{"line":6,"column":0},"end":{"line":6,"column":37}},"5":{"start":{"line":7,"column":0},"end":{"line":7,"column":40}},"6":{"start":{"line":8,"column":0},"end":{"line":8,"column":37}},"7":{"start":{"line":9,"column":0},"end":{"line":9,"column":40}},"8":{"start":{"line":10,"column":0},"end":{"line":10,"column":43}},"9":{"start":{"line":20,"column":21},"end":{"line":20,"column":43}},"10":{"start":{"line":21,"column":4},"end":{"line":21,"column":37}},"11":{"start":{"line":25,"column":19},"end":{"line":25,"column":42}},"12":{"start":{"line":26,"column":15},"end":{"line":26,"column":43}},"13":{"start":{"line":27,"column":4},"end":{"line":27,"column":31}},"14":{"start":{"line":30,"column":18},"end":{"line":30,"column":26}},"15":{"start":{"line":31,"column":15},"end":{"line":31,"column":43}},"16":{"start":{"line":32,"column":4},"end":{"line":32,"column":31}},"17":{"start":{"line":35,"column":17},"end":{"line":35,"column":40}},"18":{"start":{"line":36,"column":21},"end":{"line":36,"column":29}},"19":{"start":{"line":37,"column":20},"end":{"line":37,"column":62}},"20":{"start":{"line":38,"column":4},"end":{"line":38,"column":36}},"21":{"start":{"line":41,"column":17},"end":{"line":41,"column":40}},"22":{"start":{"line":42,"column":21},"end":{"line":42,"column":51}},"23":{"start":{"line":43,"column":4},"end":{"line":43,"column":37}},"24":{"start":{"line":46,"column":0},"end":{"line":46,"column":28}}},"fnMap":{"0":{"name":"getAllFoods","decl":{"start":{"line":19,"column":15},"end":{"line":19,"column":26}},"loc":{"start":{"line":19,"column":37},"end":{"line":22,"column":1}},"line":19},"1":{"name":"getOneFood","decl":{"start":{"line":24,"column":15},"end":{"line":24,"column":25}},"loc":{"start":{"line":24,"column":36},"end":{"line":28,"column":1}},"line":24},"2":{"name":"createFood","decl":{"start":{"line":29,"column":15},"end":{"line":29,"column":25}},"loc":{"start":{"line":29,"column":36},"end":{"line":33,"column":1}},"line":29},"3":{"name":"updateFood","decl":{"start":{"line":34,"column":15},"end":{"line":34,"column":25}},"loc":{"start":{"line":34,"column":36},"end":{"line":39,"column":1}},"line":34},"4":{"name":"deleteFood","decl":{"start":{"line":40,"column":15},"end":{"line":40,"column":25}},"loc":{"start":{"line":40,"column":36},"end":{"line":44,"column":1}},"line":40}},"branchMap":{},"s":{"0":1,"1":1,"2":1,"3":1,"4":1,"5":1,"6":1,"7":1,"8":1,"9":1,"10":1,"11":1,"12":1,"13":1,"14":1,"15":1,"16":1,"17":1,"18":1,"19":1,"20":1,"21":1,"22":1,"23":1,"24":1},"f":{"0":1,"1":1,"2":1,"3":1,"4":1},"b":{},"_coverageSchema":"1a1c01bbd47fc00a2c39e90264f33305004495a9","hash":"c1c890269f452e64cd58adbb7df94d82927703e5"}
,"/home/natali/api-server/src/routes/ingredient.route.js": {"path":"/home/natali/api-server/src/routes/ingredient.route.js","statementMap":{"0":{"start":{"line":1,"column":16},"end":{"line":1,"column":34}},"1":{"start":{"line":2,"column":25},"end":{"line":2,"column":41}},"2":{"start":{"line":3,"column":28},"end":{"line":3,"column":54}},"3":{"start":{"line":4,"column":0},"end":{"line":4,"column":54}},"4":{"start":{"line":5,"column":0},"end":{"line":5,"column":58}},"5":{"start":{"line":6,"column":0},"end":{"line":6,"column":55}},"6":{"start":{"line":7,"column":0},"end":{"line":7,"column":58}},"7":{"start":{"line":8,"column":0},"end":{"line":8,"column":61}},"8":{"start":{"line":11,"column":27},"end":{"line":11,"column":55}},"9":{"start":{"line":12,"column":4},"end":{"line":12,"column":43}},"10":{"start":{"line":16,"column":25},"end":{"line":16,"column":48}},"11":{"start":{"line":17,"column":21},"end":{"line":17,"column":61}},"12":{"start":{"line":18,"column":4},"end":{"line":18,"column":37}},"13":{"start":{"line":21,"column":24},"end":{"line":21,"column":32}},"14":{"start":{"line":22,"column":21},"end":{"line":22,"column":61}},"15":{"start":{"line":23,"column":4},"end":{"line":23,"column":37}},"16":{"start":{"line":26,"column":23},"end":{"line":26,"column":46}},"17":{"start":{"line":27,"column":27},"end":{"line":27,"column":35}},"18":{"start":{"line":28,"column":28},"end":{"line":28,"column":89}},"19":{"start":{"line":29,"column":4},"end":{"line":29,"column":44}},"20":{"start":{"line":32,"column":23},"end":{"line":32,"column":46}},"21":{"start":{"line":33,"column":27},"end":{"line":33,"column":69}},"22":{"start":{"line":34,"column":4},"end":{"line":34,"column":43}},"23":{"start":{"line":37,"column":0},"end":{"line":37,"column":34}}},"fnMap":{"0":{"name":"getAllIngredient","decl":{"start":{"line":10,"column":15},"end":{"line":10,"column":31}},"loc":{"start":{"line":10,"column":42},"end":{"line":13,"column":1}},"line":10},"1":{"name":"getOneIngredient","decl":{"start":{"line":15,"column":15},"end":{"line":15,"column":31}},"loc":{"start":{"line":15,"column":42},"end":{"line":19,"column":1}},"line":15},"2":{"name":"createIngredient","decl":{"start":{"line":20,"column":15},"end":{"line":20,"column":31}},"loc":{"start":{"line":20,"column":42},"end":{"line":24,"column":1}},"line":20},"3":{"name":"updateIngredient","decl":{"start":{"line":25,"column":15},"end":{"line":25,"column":31}},"loc":{"start":{"line":25,"column":42},"end":{"line":30,"column":1}},"line":25},"4":{"name":"deleteIngredient","decl":{"start":{"line":31,"column":15},"end":{"line":31,"column":31}},"loc":{"start":{"line":31,"column":42},"end":{"line":35,"column":1}},"line":31}},"branchMap":{},"s":{"0":1,"1":1,"2":1,"3":1,"4":1,"5":1,"6":1,"7":1,"8":0,"9":0,"10":0,"11":0,"12":0,"13":0,"14":0,"15":0,"16":0,"17":0,"18":0,"19":0,"20":0,"21":0,"22":0,"23":1},"f":{"0":0,"1":0,"2":0,"3":0,"4":0},"b":{},"_coverageSchema":"1a1c01bbd47fc00a2c39e90264f33305004495a9","hash":"75c073984276ec47541a91a3b349636a5c552d8a"}
}
