TN:
SF:src/server.js
FN:16,welcomeHandler
FN:19,start
FN:20,(anonymous_2)
FNF:3
FNH:0
FNDA:0,welcomeHandler
FNDA:0,start
FNDA:0,(anonymous_2)
DA:2,1
DA:3,1
DA:4,1
DA:5,1
DA:6,1
DA:8,1
DA:9,1
DA:10,1
DA:11,1
DA:12,1
DA:13,1
DA:15,1
DA:17,0
DA:20,0
DA:21,0
DA:24,1
DA:25,1
DA:27,1
LF:18
LH:15
BRF:0
BRH:0
end_of_record
TN:
SF:src/handlers/404.js
FN:1,(anonymous_0)
FNF:1
FNH:1
FNDA:2,(anonymous_0)
DA:1,1
DA:2,2
LF:2
LH:2
BRF:0
BRH:0
end_of_record
TN:
SF:src/handlers/500.js
FN:1,(anonymous_0)
FNF:1
FNH:0
FNDA:0,(anonymous_0)
DA:1,1
DA:2,0
LF:2
LH:1
BRF:0
BRH:0
end_of_record
TN:
SF:src/models/clothes.model.js
FN:2,(anonymous_0)
FNF:1
FNH:1
FNDA:1,(anonymous_0)
DA:2,1
DA:3,1
DA:10,1
LF:3
LH:3
BRF:0
BRH:0
end_of_record
TN:
SF:src/models/food.model.js
FN:2,(anonymous_0)
FNF:1
FNH:1
FNDA:1,(anonymous_0)
DA:2,1
DA:3,1
DA:10,1
LF:3
LH:3
BRF:0
BRH:0
end_of_record
TN:
SF:src/models/index.js
FNF:0
FNH:0
DA:2,1
DA:3,1
DA:4,1
DA:5,1
DA:6,1
DA:7,1
DA:9,1
DA:11,1
DA:22,1
DA:25,1
DA:26,1
DA:29,1
DA:30,1
DA:32,1
DA:36,1
DA:41,1
LF:16
LH:16
BRDA:9,0,0,1
BRDA:9,0,1,0
BRDA:11,1,0,0
BRDA:11,1,1,1
BRF:4
BRH:2
end_of_record
TN:
SF:src/models/ingredient.model.js
FN:2,(anonymous_0)
FNF:1
FNH:1
FNDA:1,(anonymous_0)
DA:2,1
DA:3,1
DA:15,1
LF:3
LH:3
BRF:0
BRH:0
end_of_record
TN:
SF:src/models/lib/collection.js
FN:2,(anonymous_0)
FN:5,(anonymous_1)
FN:9,(anonymous_2)
FN:19,(anonymous_3)
FN:24,(anonymous_4)
FNF:5
FNH:5
FNDA:2,(anonymous_0)
FNDA:1,(anonymous_1)
FNDA:2,(anonymous_2)
FNDA:1,(anonymous_3)
FNDA:1,(anonymous_4)
DA:3,2
DA:6,1
DA:7,1
DA:10,2
DA:11,2
DA:12,1
DA:15,1
DA:17,2
DA:20,1
DA:21,1
DA:22,1
DA:25,1
DA:26,1
DA:36,1
LF:14
LH:14
BRDA:11,0,0,1
BRDA:11,0,1,1
BRF:2
BRH:2
end_of_record
TN:
SF:src/routes/clothes.route.js
FN:17,createClothes
FN:23,getClothess
FN:28,getClothes
FN:38,updateClothes
FN:46,deleteClothes
FNF:5
FNH:0
FNDA:0,createClothes
FNDA:0,getClothess
FNDA:0,getClothes
FNDA:0,updateClothes
FNDA:0,deleteClothes
DA:2,1
DA:3,1
DA:4,1
DA:9,1
DA:10,1
DA:11,1
DA:12,1
DA:13,1
DA:18,0
DA:19,0
DA:20,0
DA:24,0
DA:25,0
DA:29,0
DA:30,0
DA:35,0
DA:39,0
DA:40,0
DA:41,0
DA:42,0
DA:43,0
DA:47,0
DA:48,0
DA:49,0
DA:53,1
LF:25
LH:9
BRF:0
BRH:0
end_of_record
TN:
SF:src/routes/food.route.js
FN:19,getAllFoods
FN:24,getOneFood
FN:29,createFood
FN:34,updateFood
FN:40,deleteFood
FNF:5
FNH:5
FNDA:1,getAllFoods
FNDA:1,getOneFood
FNDA:1,createFood
FNDA:1,updateFood
FNDA:1,deleteFood
DA:1,1
DA:2,1
DA:3,1
DA:4,1
DA:6,1
DA:7,1
DA:8,1
DA:9,1
DA:10,1
DA:20,1
DA:21,1
DA:25,1
DA:26,1
DA:27,1
DA:30,1
DA:31,1
DA:32,1
DA:35,1
DA:36,1
DA:37,1
DA:38,1
DA:41,1
DA:42,1
DA:43,1
DA:46,1
LF:25
LH:25
BRF:0
BRH:0
end_of_record
TN:
SF:src/routes/ingredient.route.js
FN:10,getAllIngredient
FN:15,getOneIngredient
FN:20,createIngredient
FN:25,updateIngredient
FN:31,deleteIngredient
FNF:5
FNH:0
FNDA:0,getAllIngredient
FNDA:0,getOneIngredient
FNDA:0,createIngredient
FNDA:0,updateIngredient
FNDA:0,deleteIngredient
DA:1,1
DA:2,1
DA:3,1
DA:4,1
DA:5,1
DA:6,1
DA:7,1
DA:8,1
DA:11,0
DA:12,0
DA:16,0
DA:17,0
DA:18,0
DA:21,0
DA:22,0
DA:23,0
DA:26,0
DA:27,0
DA:28,0
DA:29,0
DA:32,0
DA:33,0
DA:34,0
DA:37,1
LF:24
LH:9
BRF:0
BRH:0
end_of_record
