TN:
SF:src/server.js
FN:13,welcomeHandler
FN:16,start
FN:17,(anonymous_2)
FNF:3
FNH:1
FNDA:1,welcomeHandler
FNDA:0,start
FNDA:0,(anonymous_2)
DA:2,1
DA:3,1
DA:4,1
DA:5,1
DA:6,1
DA:7,1
DA:8,1
DA:9,1
DA:10,1
DA:12,1
DA:14,1
DA:17,0
DA:18,0
DA:21,1
DA:22,1
DA:24,1
LF:16
LH:14
BRF:0
BRH:0
end_of_record
TN:
SF:src/handlers/404.js
FN:1,(anonymous_0)
FNF:1
FNH:1
FNDA:1,(anonymous_0)
DA:1,1
DA:2,1
LF:2
LH:2
BRF:0
BRH:0
end_of_record
TN:
SF:src/handlers/500.js
FN:1,(anonymous_0)
FNF:1
FNH:0
FNDA:0,(anonymous_0)
DA:1,1
DA:2,0
LF:2
LH:1
BRF:0
BRH:0
end_of_record
TN:
SF:src/models/clothes.model.js
FN:2,(anonymous_0)
FNF:1
FNH:1
FNDA:1,(anonymous_0)
DA:2,1
DA:3,1
DA:10,1
LF:3
LH:3
BRF:0
BRH:0
end_of_record
TN:
SF:src/models/food.model.js
FN:2,(anonymous_0)
FNF:1
FNH:1
FNDA:1,(anonymous_0)
DA:2,1
DA:3,1
DA:10,1
LF:3
LH:3
BRF:0
BRH:0
end_of_record
TN:
SF:src/models/index.js
FNF:0
FNH:0
DA:2,1
DA:3,1
DA:4,1
DA:5,1
DA:7,1
DA:9,1
DA:20,1
DA:23,1
LF:8
LH:8
BRDA:7,0,0,1
BRDA:7,0,1,0
BRDA:9,1,0,0
BRDA:9,1,1,1
BRF:4
BRH:2
end_of_record
TN:
SF:src/routes/clothes.route.js
FN:16,createClothes
FN:22,getClothess
FN:27,getClothes
FN:37,updateClothes
FN:45,deleteClothes
FNF:5
FNH:5
FNDA:1,createClothes
FNDA:1,getClothess
FNDA:1,getClothes
FNDA:1,updateClothes
FNDA:1,deleteClothes
DA:1,1
DA:2,1
DA:3,1
DA:8,1
DA:9,1
DA:10,1
DA:11,1
DA:12,1
DA:17,1
DA:18,1
DA:19,1
DA:23,1
DA:24,1
DA:28,1
DA:29,1
DA:34,1
DA:38,1
DA:39,1
DA:40,1
DA:41,1
DA:42,1
DA:46,1
DA:47,1
DA:48,1
DA:52,1
LF:25
LH:25
BRF:0
BRH:0
end_of_record
TN:
SF:src/routes/food.route.js
FN:16,createFood
FN:22,getFoods
FN:27,getFood
FN:37,updateFood
FN:45,deleteFood
FNF:5
FNH:5
FNDA:1,createFood
FNDA:1,getFoods
FNDA:1,getFood
FNDA:1,updateFood
FNDA:1,deleteFood
DA:1,1
DA:2,1
DA:3,1
DA:8,1
DA:9,1
DA:10,1
DA:11,1
DA:12,1
DA:17,1
DA:18,1
DA:19,1
DA:23,1
DA:24,1
DA:28,1
DA:29,1
DA:34,1
DA:38,1
DA:39,1
DA:40,1
DA:41,1
DA:42,1
DA:46,1
DA:47,1
DA:48,1
DA:53,1
LF:25
LH:25
BRF:0
BRH:0
end_of_record
